{"synthetic": false,
 "schemaVersion": "2025-09-10",
 "outputs":
 {"o": ["2411229f07cd2871.olean"],
  "m": false,
  "i": "2a94edfa23571713.ilean",
  "c": "10d5819d8c5c7420.c"},
 "log":
 [{"message":
   ".> LEAN_PATH=/home/sebi/Dokumente/Uni/Thesis/lean_examples/.lake/packages/Cli/.lake/build/lib/lean:/home/sebi/Dokumente/Uni/Thesis/lean_examples/.lake/packages/batteries/.lake/build/lib/lean:/home/sebi/Dokumente/Uni/Thesis/lean_examples/.lake/packages/Qq/.lake/build/lib/lean:/home/sebi/Dokumente/Uni/Thesis/lean_examples/.lake/packages/aesop/.lake/build/lib/lean:/home/sebi/Dokumente/Uni/Thesis/lean_examples/.lake/packages/proofwidgets/.lake/build/lib/lean:/home/sebi/Dokumente/Uni/Thesis/lean_examples/.lake/packages/importGraph/.lake/build/lib/lean:/home/sebi/Dokumente/Uni/Thesis/lean_examples/.lake/packages/LeanSearchClient/.lake/build/lib/lean:/home/sebi/Dokumente/Uni/Thesis/lean_examples/.lake/packages/plausible/.lake/build/lib/lean:/home/sebi/Dokumente/Uni/Thesis/lean_examples/.lake/packages/mathlib/.lake/build/lib/lean:/home/sebi/Dokumente/Uni/Thesis/lean_examples/.lake/build/lib/lean /home/sebi/.elan/toolchains/leanprover--lean4---v4.30.0-rc1/bin/lean /home/sebi/Dokumente/Uni/Thesis/lean_examples/Main.lean -o /home/sebi/Dokumente/Uni/Thesis/lean_examples/.lake/build/lib/lean/Main.olean -i /home/sebi/Dokumente/Uni/Thesis/lean_examples/.lake/build/lib/lean/Main.ilean -c /home/sebi/Dokumente/Uni/Thesis/lean_examples/.lake/build/ir/Main.c --setup /home/sebi/Dokumente/Uni/Thesis/lean_examples/.lake/build/ir/Main.setup.json --json",
   "level": "trace"},
  {"message": "Main.lean:15:2: f : PropositionalForm", "level": "info"},
  {"message": "Main.lean:23:2: true", "level": "info"},
  {"message": "Main.lean:51:13: declaration uses `sorry`", "level": "warning"},
  {"message": "Main.lean:51:13: declaration uses `sorry`", "level": "warning"},
  {"message": "Main.lean:64:13: declaration uses `sorry`", "level": "warning"},
  {"message": "Main.lean:64:13: declaration uses `sorry`", "level": "warning"}],
 "inputs":
 [["Main:deps",
   [["deps",
     [["lean_examples/lean_examples:extraDep",
       [["@lean_examples:extraDep", "00000000000006bb"]]],
      ["imports",
       [["Logic.Prop.Syntax transitive imports (legacy)", "00000000000006bb"],
        ["Logic.Prop.Syntax:importAllArts", "b4396a243bcafe96"],
        ["Logic.Prop.Semantics transitive imports (legacy)",
         "6180dfa80e35092a"],
        ["Logic.Prop.Semantics:importAllArts", "aa86314c9b15eaeb"],
        ["Logic.DL.Syntax transitive imports (legacy)", "6180dfa80e35092a"],
        ["Logic.DL.Syntax:importAllArts", "05c3b3c09c8172e9"],
        ["Logic.DL.Semantics transitive imports (legacy)", "4a616708f9f71b27"],
        ["Logic.DL.Semantics:importAllArts", "8788241f54d58d0f"]]]]],
    ["libs",
     [["import dynlibs", "00000000000006bb"],
      ["package external libraries", "00000000000006bb"],
      ["module dynlibs", "00000000000006bb"],
      ["module plugins", "00000000000006bb"]]]]],
  ["Lean 4.30.0, commit 714601baf118066cbf3f282361339c6d06665b2a",
   "a22979b798cee25b"],
  ["/home/sebi/Dokumente/Uni/Thesis/lean_examples/Main.lean",
   "6e0a3aa95d2adad2"],
  ["options", "00000000000006bb"],
  ["isModule: false", "feefd2a0d3a1847e"],
  ["Module.name: Main", "f2a1fd945cf30c62"],
  ["Package.id?: (some lean_examples)", "71424b0700e54df8"],
  ["Module.leanArgs: #[]", "00000000000006bb"]],
 "depHash": "bf777ba7c36a9096"}