{"synthetic": false,
 "schemaVersion": "2025-09-10",
 "outputs":
 {"o": ["a5ccbcc10713ee0c.olean"],
  "i": "6c0ebb02629c6492.ilean",
  "c": "38ef8db1992fc285.c"},
 "log":
 [{"message":
   ".> LEAN_PATH=/home/sebi/Dokumente/Uni/Thesis/lean_examples/.lake/build/lib/lean /home/sebi/.elan/toolchains/leanprover--lean4---v4.28.0/bin/lean /home/sebi/Dokumente/Uni/Thesis/lean_examples/LeanExamples/Basic.lean -o /home/sebi/Dokumente/Uni/Thesis/lean_examples/.lake/build/lib/lean/LeanExamples/Basic.olean -i /home/sebi/Dokumente/Uni/Thesis/lean_examples/.lake/build/lib/lean/LeanExamples/Basic.ilean -c /home/sebi/Dokumente/Uni/Thesis/lean_examples/.lake/build/ir/LeanExamples/Basic.c --setup /home/sebi/Dokumente/Uni/Thesis/lean_examples/.lake/build/ir/LeanExamples/Basic.setup.json --json",
   "level": "trace"}],
 "inputs":
 [["LeanExamples.Basic:deps",
   [["deps",
     [["lean_examples/LeanExamples:extraDep",
       [["@lean_examples:extraDep", "00000000000006bb"]]],
      ["imports", "00000000000006bb"]]],
    ["libs",
     [["import dynlibs", "00000000000006bb"],
      ["package external libraries", "00000000000006bb"],
      ["module dynlibs", "00000000000006bb"],
      ["module plugins", "00000000000006bb"]]]]],
  ["Lean 4.28.0, commit 7e01a1bf5c70fc6167d49c345d3bf80596e9a79b",
   "a96bc04a2e5e9630"],
  ["/home/sebi/Dokumente/Uni/Thesis/lean_examples/LeanExamples/Basic.lean",
   "fb8d37be36883ee0"],
  ["options", "00000000000006bb"],
  ["Module.leanArgs: #[]", "00000000000006bb"]],
 "depHash": "386de8d51bc74e81"}